[2017-03-23 11:14:07] START
[2017-03-23 11:14:15] DELETE face_ar/models/menu.py: -121
[2017-03-23 11:14:18] DELETE face_ar/models/db.py: -44
[2017-03-23 11:14:25] CREATE db.py: 0
[2017-03-23 11:18:23] EDIT face_ar/models/db.py: 7
[2017-03-23 11:30:45] EDIT face_ar/models/db.py: -1
[2017-03-23 11:32:29] EDIT face_ar/models/db.py: 0
[2017-03-23 11:39:58] EDIT face_ar/models/db.py: 2
[2017-03-23 11:40:23] EDIT face_ar/models/db.py: -2
[2017-03-23 11:41:34] EDIT face_ar/models/db.py: 0
[2017-03-25 14:15:16] CREATE train.py: 0
[2017-03-25 15:15:36] EDIT face_ar/controllers/train.py: 14
[2017-03-25 16:28:44] EDIT face_ar/controllers/train.py: 1
[2017-03-25 16:46:03] EDIT face_ar/models/db.py: 0
[2017-03-25 16:46:03] EDIT face_ar/models/db.py: 0
[2017-03-25 16:51:15] EDIT face_ar/models/db.py: 3
[2017-03-25 16:52:27] EDIT face_ar/models/db.py: -3
[2017-03-25 16:52:29] EDIT face_ar/models/db.py: 0
[2017-03-25 16:53:04] EDIT face_ar/controllers/default.py: 3
[2017-03-25 16:53:20] EDIT face_ar/controllers/default.py: 0
[2017-03-25 17:05:15] EDIT face_ar/controllers/train.py: 1
[2017-03-26 13:13:42] EDIT face_ar/controllers/train.py: -1
[2017-03-26 13:44:21] EDIT face_ar/controllers/train.py: 0
[2017-03-26 13:45:23] EDIT face_ar/controllers/train.py: 1
[2017-03-26 13:47:58] EDIT face_ar/controllers/train.py: 0
[2017-03-26 13:50:59] EDIT face_ar/controllers/train.py: 1
[2017-03-26 13:54:15] EDIT face_ar/controllers/train.py: 0
[2017-03-26 13:57:13] EDIT face_ar/controllers/train.py: 1
[2017-03-26 13:59:09] EDIT face_ar/controllers/train.py: 1
[2017-03-26 14:00:18] EDIT face_ar/controllers/train.py: 0
[2017-03-26 14:00:47] EDIT face_ar/controllers/train.py: 0
[2017-03-26 14:01:53] EDIT face_ar/controllers/train.py: 0
[2017-03-26 14:01:57] EDIT face_ar/controllers/train.py: 0
[2017-03-26 14:05:11] EDIT face_ar/controllers/train.py: 0
[2017-03-26 14:05:51] EDIT face_ar/controllers/train.py: 0
[2017-03-26 14:06:40] EDIT face_ar/controllers/train.py: -1
[2017-03-26 14:07:21] EDIT face_ar/controllers/train.py: 0
[2017-03-26 14:10:34] EDIT face_ar/controllers/train.py: 1
[2017-03-26 14:14:43] EDIT face_ar/controllers/train.py: -3
[2017-03-26 15:04:36] EDIT face_ar/controllers/train.py: 2
[2017-03-27 11:17:56] EDIT face_ar/controllers/train.py: 0
[2017-03-27 11:19:55] EDIT face_ar/controllers/train.py: 0
[2017-03-27 11:20:22] EDIT face_ar/controllers/train.py: -2
[2017-03-27 11:21:53] EDIT face_ar/controllers/train.py: 0
